20-Mar-2025 14:30:47.458 INFO [main] org.apache.catalina.startup.VersionLoggerListener.log Server version name:   Apache Tomcat/9.0.102
20-Mar-2025 14:30:47.462 INFO [main] org.apache.catalina.startup.VersionLoggerListener.log Server built:          Mar 3 2025 19:33:14 UTC
20-Mar-2025 14:30:47.463 INFO [main] org.apache.catalina.startup.VersionLoggerListener.log Server version number: 9.0.102.0
20-Mar-2025 14:30:47.463 INFO [main] org.apache.catalina.startup.VersionLoggerListener.log OS Name:               Windows 11
20-Mar-2025 14:30:47.463 INFO [main] org.apache.catalina.startup.VersionLoggerListener.log OS Version:            10.0
20-Mar-2025 14:30:47.463 INFO [main] org.apache.catalina.startup.VersionLoggerListener.log Architecture:          x86
20-Mar-2025 14:30:47.464 INFO [main] org.apache.catalina.startup.VersionLoggerListener.log Java Home:             C:\Program Files (x86)\Java\jre-1.8
20-Mar-2025 14:30:47.464 INFO [main] org.apache.catalina.startup.VersionLoggerListener.log JVM Version:           1.8.0_411-b09
20-Mar-2025 14:30:47.464 INFO [main] org.apache.catalina.startup.VersionLoggerListener.log JVM Vendor:            Oracle Corporation
20-Mar-2025 14:30:47.464 INFO [main] org.apache.catalina.startup.VersionLoggerListener.log CATALINA_BASE:         C:\Users\Nupur Patel\Downloads\apache-tomcat-9.0.102\apache-tomcat-9.0.102
20-Mar-2025 14:30:47.464 INFO [main] org.apache.catalina.startup.VersionLoggerListener.log CATALINA_HOME:         C:\Users\Nupur Patel\Downloads\apache-tomcat-9.0.102\apache-tomcat-9.0.102
20-Mar-2025 14:30:47.468 INFO [main] org.apache.catalina.startup.VersionLoggerListener.log Command line argument: -Djava.util.logging.config.file=C:\Users\Nupur Patel\Downloads\apache-tomcat-9.0.102\apache-tomcat-9.0.102\conf\logging.properties
20-Mar-2025 14:30:47.468 INFO [main] org.apache.catalina.startup.VersionLoggerListener.log Command line argument: -Djava.util.logging.manager=org.apache.juli.ClassLoaderLogManager
20-Mar-2025 14:30:47.468 INFO [main] org.apache.catalina.startup.VersionLoggerListener.log Command line argument: -Djdk.tls.ephemeralDHKeySize=2048
20-Mar-2025 14:30:47.469 INFO [main] org.apache.catalina.startup.VersionLoggerListener.log Command line argument: -Djava.protocol.handler.pkgs=org.apache.catalina.webresources
20-Mar-2025 14:30:47.469 INFO [main] org.apache.catalina.startup.VersionLoggerListener.log Command line argument: -Dsun.io.useCanonCaches=false
20-Mar-2025 14:30:47.469 INFO [main] org.apache.catalina.startup.VersionLoggerListener.log Command line argument: -Dignore.endorsed.dirs=
20-Mar-2025 14:30:47.469 INFO [main] org.apache.catalina.startup.VersionLoggerListener.log Command line argument: -Dcatalina.base=C:\Users\Nupur Patel\Downloads\apache-tomcat-9.0.102\apache-tomcat-9.0.102
20-Mar-2025 14:30:47.470 INFO [main] org.apache.catalina.startup.VersionLoggerListener.log Command line argument: -Dcatalina.home=C:\Users\Nupur Patel\Downloads\apache-tomcat-9.0.102\apache-tomcat-9.0.102
20-Mar-2025 14:30:47.470 INFO [main] org.apache.catalina.startup.VersionLoggerListener.log Command line argument: -Djava.io.tmpdir=C:\Users\Nupur Patel\Downloads\apache-tomcat-9.0.102\apache-tomcat-9.0.102\temp
20-Mar-2025 14:30:47.478 INFO [main] org.apache.catalina.core.AprLifecycleListener.lifecycleEvent The Apache Tomcat Native library which allows using OpenSSL was not found on the java.library.path: [C:\Program Files (x86)\Java\jre-1.8\bin;C:\WINDOWS\Sun\Java\bin;C:\WINDOWS\system32;C:\WINDOWS;C:\Program Files (x86)\Common Files\Oracle\Java\java8path;C:\Program Files (x86)\Common Files\Oracle\Java\javapath;C:\WINDOWS\system32;C:\WINDOWS;C:\WINDOWS\System32\Wbem;C:\WINDOWS\System32\WindowsPowerShell\v1.0\;C:\WINDOWS\System32\OpenSSH\;C:\Program Files\nodejs\;C:\Users\Nupur Patel\AppData\Local\Programs\Python\Launcher\;C:\Users\Nupur Patel\AppData\Local\Microsoft\WindowsApps;C:\Users\Nupur Patel\AppData\Local\Programs\Microsoft VS Code\bin;C:\Users\Nupur Patel\AppData\Local\Programs\mongosh\;C:\Users\Nupur Patel\AppData\Roaming\npm;;.]
20-Mar-2025 14:30:47.842 INFO [main] org.apache.coyote.AbstractProtocol.init Initializing ProtocolHandler ["http-nio-8080"]
20-Mar-2025 14:30:47.866 INFO [main] org.apache.catalina.startup.Catalina.load Server initialization in [598] milliseconds
20-Mar-2025 14:30:47.918 INFO [main] org.apache.catalina.core.StandardService.startInternal Starting service [Catalina]
20-Mar-2025 14:30:47.919 INFO [main] org.apache.catalina.core.StandardEngine.startInternal Starting Servlet engine: [Apache Tomcat/9.0.102]
20-Mar-2025 14:30:47.933 INFO [main] org.apache.catalina.startup.HostConfig.deployDirectory Deploying web application directory [C:\Users\Nupur Patel\Downloads\apache-tomcat-9.0.102\apache-tomcat-9.0.102\webapps\docs]
20-Mar-2025 14:30:48.440 WARNING [main] org.apache.catalina.util.SessionIdGeneratorBase.createSecureRandom Creation of SecureRandom instance for session ID generation using [SHA1PRNG] took [246] milliseconds.
20-Mar-2025 14:30:48.487 INFO [main] org.apache.catalina.startup.HostConfig.deployDirectory Deployment of web application directory [C:\Users\Nupur Patel\Downloads\apache-tomcat-9.0.102\apache-tomcat-9.0.102\webapps\docs] has finished in [554] ms
20-Mar-2025 14:30:48.488 INFO [main] org.apache.catalina.startup.HostConfig.deployDirectory Deploying web application directory [C:\Users\Nupur Patel\Downloads\apache-tomcat-9.0.102\apache-tomcat-9.0.102\webapps\examples]
20-Mar-2025 14:30:48.950 INFO [main] org.apache.catalina.startup.HostConfig.deployDirectory Deployment of web application directory [C:\Users\Nupur Patel\Downloads\apache-tomcat-9.0.102\apache-tomcat-9.0.102\webapps\examples] has finished in [462] ms
20-Mar-2025 14:30:48.951 INFO [main] org.apache.catalina.startup.HostConfig.deployDirectory Deploying web application directory [C:\Users\Nupur Patel\Downloads\apache-tomcat-9.0.102\apache-tomcat-9.0.102\webapps\host-manager]
20-Mar-2025 14:30:49.015 INFO [main] org.apache.catalina.startup.HostConfig.deployDirectory Deployment of web application directory [C:\Users\Nupur Patel\Downloads\apache-tomcat-9.0.102\apache-tomcat-9.0.102\webapps\host-manager] has finished in [64] ms
20-Mar-2025 14:30:49.015 INFO [main] org.apache.catalina.startup.HostConfig.deployDirectory Deploying web application directory [C:\Users\Nupur Patel\Downloads\apache-tomcat-9.0.102\apache-tomcat-9.0.102\webapps\manager]
20-Mar-2025 14:30:49.058 INFO [main] org.apache.catalina.startup.HostConfig.deployDirectory Deployment of web application directory [C:\Users\Nupur Patel\Downloads\apache-tomcat-9.0.102\apache-tomcat-9.0.102\webapps\manager] has finished in [43] ms
20-Mar-2025 14:30:49.059 INFO [main] org.apache.catalina.startup.HostConfig.deployDirectory Deploying web application directory [C:\Users\Nupur Patel\Downloads\apache-tomcat-9.0.102\apache-tomcat-9.0.102\webapps\ROOT]
20-Mar-2025 14:30:49.085 INFO [main] org.apache.catalina.startup.HostConfig.deployDirectory Deployment of web application directory [C:\Users\Nupur Patel\Downloads\apache-tomcat-9.0.102\apache-tomcat-9.0.102\webapps\ROOT] has finished in [26] ms
20-Mar-2025 14:30:49.088 INFO [main] org.apache.coyote.AbstractProtocol.start Starting ProtocolHandler ["http-nio-8080"]
20-Mar-2025 14:30:49.114 INFO [main] org.apache.catalina.startup.Catalina.start Server startup in [1248] milliseconds
20-Mar-2025 14:36:09.730 INFO [Catalina-utility-2] org.apache.catalina.startup.HostConfig.deployDirectory Deploying web application directory [C:\Users\Nupur Patel\Downloads\apache-tomcat-9.0.102\apache-tomcat-9.0.102\webapps\New folder]
20-Mar-2025 14:36:09.802 INFO [Catalina-utility-2] org.apache.catalina.startup.HostConfig.deployDirectory Deployment of web application directory [C:\Users\Nupur Patel\Downloads\apache-tomcat-9.0.102\apache-tomcat-9.0.102\webapps\New folder] has finished in [73] ms
20-Mar-2025 14:36:20.322 INFO [Catalina-utility-2] org.apache.catalina.startup.HostConfig.undeploy Undeploying context [/New folder]
20-Mar-2025 14:36:20.400 INFO [Catalina-utility-2] org.apache.catalina.startup.HostConfig.deployDirectory Deploying web application directory [C:\Users\Nupur Patel\Downloads\apache-tomcat-9.0.102\apache-tomcat-9.0.102\webapps\mywebapp]
20-Mar-2025 14:36:20.483 INFO [Catalina-utility-2] org.apache.catalina.startup.HostConfig.deployDirectory Deployment of web application directory [C:\Users\Nupur Patel\Downloads\apache-tomcat-9.0.102\apache-tomcat-9.0.102\webapps\mywebapp] has finished in [82] ms
20-Mar-2025 14:42:51.093 INFO [Catalina-utility-2] org.apache.catalina.startup.HostConfig.reload Reloading context [/mywebapp]
20-Mar-2025 14:42:51.093 INFO [Catalina-utility-2] org.apache.catalina.core.StandardContext.reload Reloading Context with name [/mywebapp] has started
20-Mar-2025 14:42:51.164 INFO [Catalina-utility-2] org.apache.catalina.core.StandardContext.reload Reloading Context with name [/mywebapp] is completed
20-Mar-2025 14:45:11.981 INFO [main] org.apache.catalina.core.StandardServer.await A valid shutdown command was received via the shutdown port. Stopping the Server instance.
20-Mar-2025 14:45:11.982 INFO [main] org.apache.coyote.AbstractProtocol.pause Pausing ProtocolHandler ["http-nio-8080"]
20-Mar-2025 14:45:12.336 INFO [main] org.apache.catalina.core.StandardService.stopInternal Stopping service [Catalina]
20-Mar-2025 14:45:12.352 INFO [main] org.apache.coyote.AbstractProtocol.stop Stopping ProtocolHandler ["http-nio-8080"]
20-Mar-2025 14:45:12.362 INFO [main] org.apache.coyote.AbstractProtocol.destroy Destroying ProtocolHandler ["http-nio-8080"]
20-Mar-2025 14:45:17.701 INFO [main] org.apache.catalina.startup.VersionLoggerListener.log Server version name:   Apache Tomcat/9.0.102
20-Mar-2025 14:45:17.703 INFO [main] org.apache.catalina.startup.VersionLoggerListener.log Server built:          Mar 3 2025 19:33:14 UTC
20-Mar-2025 14:45:17.704 INFO [main] org.apache.catalina.startup.VersionLoggerListener.log Server version number: 9.0.102.0
20-Mar-2025 14:45:17.704 INFO [main] org.apache.catalina.startup.VersionLoggerListener.log OS Name:               Windows 11
20-Mar-2025 14:45:17.704 INFO [main] org.apache.catalina.startup.VersionLoggerListener.log OS Version:            10.0
20-Mar-2025 14:45:17.704 INFO [main] org.apache.catalina.startup.VersionLoggerListener.log Architecture:          x86
20-Mar-2025 14:45:17.704 INFO [main] org.apache.catalina.startup.VersionLoggerListener.log Java Home:             C:\Program Files (x86)\Java\jre-1.8
20-Mar-2025 14:45:17.704 INFO [main] org.apache.catalina.startup.VersionLoggerListener.log JVM Version:           1.8.0_411-b09
20-Mar-2025 14:45:17.705 INFO [main] org.apache.catalina.startup.VersionLoggerListener.log JVM Vendor:            Oracle Corporation
20-Mar-2025 14:45:17.705 INFO [main] org.apache.catalina.startup.VersionLoggerListener.log CATALINA_BASE:         C:\Users\Nupur Patel\Downloads\apache-tomcat-9.0.102\apache-tomcat-9.0.102
20-Mar-2025 14:45:17.705 INFO [main] org.apache.catalina.startup.VersionLoggerListener.log CATALINA_HOME:         C:\Users\Nupur Patel\Downloads\apache-tomcat-9.0.102\apache-tomcat-9.0.102
20-Mar-2025 14:45:17.709 INFO [main] org.apache.catalina.startup.VersionLoggerListener.log Command line argument: -Djava.util.logging.config.file=C:\Users\Nupur Patel\Downloads\apache-tomcat-9.0.102\apache-tomcat-9.0.102\conf\logging.properties
20-Mar-2025 14:45:17.710 INFO [main] org.apache.catalina.startup.VersionLoggerListener.log Command line argument: -Djava.util.logging.manager=org.apache.juli.ClassLoaderLogManager
20-Mar-2025 14:45:17.710 INFO [main] org.apache.catalina.startup.VersionLoggerListener.log Command line argument: -Djdk.tls.ephemeralDHKeySize=2048
20-Mar-2025 14:45:17.710 INFO [main] org.apache.catalina.startup.VersionLoggerListener.log Command line argument: -Djava.protocol.handler.pkgs=org.apache.catalina.webresources
20-Mar-2025 14:45:17.710 INFO [main] org.apache.catalina.startup.VersionLoggerListener.log Command line argument: -Dsun.io.useCanonCaches=false
20-Mar-2025 14:45:17.710 INFO [main] org.apache.catalina.startup.VersionLoggerListener.log Command line argument: -Dignore.endorsed.dirs=
20-Mar-2025 14:45:17.711 INFO [main] org.apache.catalina.startup.VersionLoggerListener.log Command line argument: -Dcatalina.base=C:\Users\Nupur Patel\Downloads\apache-tomcat-9.0.102\apache-tomcat-9.0.102
20-Mar-2025 14:45:17.711 INFO [main] org.apache.catalina.startup.VersionLoggerListener.log Command line argument: -Dcatalina.home=C:\Users\Nupur Patel\Downloads\apache-tomcat-9.0.102\apache-tomcat-9.0.102
20-Mar-2025 14:45:17.711 INFO [main] org.apache.catalina.startup.VersionLoggerListener.log Command line argument: -Djava.io.tmpdir=C:\Users\Nupur Patel\Downloads\apache-tomcat-9.0.102\apache-tomcat-9.0.102\temp
20-Mar-2025 14:45:17.719 INFO [main] org.apache.catalina.core.AprLifecycleListener.lifecycleEvent The Apache Tomcat Native library which allows using OpenSSL was not found on the java.library.path: [C:\Program Files (x86)\Java\jre-1.8\bin;C:\WINDOWS\Sun\Java\bin;C:\WINDOWS\system32;C:\WINDOWS;C:\Program Files (x86)\Common Files\Oracle\Java\java8path;C:\Program Files (x86)\Common Files\Oracle\Java\javapath;C:\WINDOWS\system32;C:\WINDOWS;C:\WINDOWS\System32\Wbem;C:\WINDOWS\System32\WindowsPowerShell\v1.0\;C:\WINDOWS\System32\OpenSSH\;C:\Program Files\nodejs\;C:\Users\Nupur Patel\AppData\Local\Programs\Python\Launcher\;C:\Users\Nupur Patel\AppData\Local\Microsoft\WindowsApps;C:\Users\Nupur Patel\AppData\Local\Programs\Microsoft VS Code\bin;C:\Users\Nupur Patel\AppData\Local\Programs\mongosh\;C:\Users\Nupur Patel\AppData\Roaming\npm;;.]
20-Mar-2025 14:45:18.064 INFO [main] org.apache.coyote.AbstractProtocol.init Initializing ProtocolHandler ["http-nio-8080"]
20-Mar-2025 14:45:18.085 INFO [main] org.apache.catalina.startup.Catalina.load Server initialization in [532] milliseconds
20-Mar-2025 14:45:18.126 INFO [main] org.apache.catalina.core.StandardService.startInternal Starting service [Catalina]
20-Mar-2025 14:45:18.126 INFO [main] org.apache.catalina.core.StandardEngine.startInternal Starting Servlet engine: [Apache Tomcat/9.0.102]
20-Mar-2025 14:45:18.136 INFO [main] org.apache.catalina.startup.HostConfig.deployDirectory Deploying web application directory [C:\Users\Nupur Patel\Downloads\apache-tomcat-9.0.102\apache-tomcat-9.0.102\webapps\docs]
20-Mar-2025 14:45:18.564 WARNING [main] org.apache.catalina.util.SessionIdGeneratorBase.createSecureRandom Creation of SecureRandom instance for session ID generation using [SHA1PRNG] took [175] milliseconds.
20-Mar-2025 14:45:18.598 INFO [main] org.apache.catalina.startup.HostConfig.deployDirectory Deployment of web application directory [C:\Users\Nupur Patel\Downloads\apache-tomcat-9.0.102\apache-tomcat-9.0.102\webapps\docs] has finished in [462] ms
20-Mar-2025 14:45:18.599 INFO [main] org.apache.catalina.startup.HostConfig.deployDirectory Deploying web application directory [C:\Users\Nupur Patel\Downloads\apache-tomcat-9.0.102\apache-tomcat-9.0.102\webapps\examples]
20-Mar-2025 14:45:19.019 INFO [main] org.apache.catalina.startup.HostConfig.deployDirectory Deployment of web application directory [C:\Users\Nupur Patel\Downloads\apache-tomcat-9.0.102\apache-tomcat-9.0.102\webapps\examples] has finished in [421] ms
20-Mar-2025 14:45:19.020 INFO [main] org.apache.catalina.startup.HostConfig.deployDirectory Deploying web application directory [C:\Users\Nupur Patel\Downloads\apache-tomcat-9.0.102\apache-tomcat-9.0.102\webapps\host-manager]
20-Mar-2025 14:45:19.085 INFO [main] org.apache.catalina.startup.HostConfig.deployDirectory Deployment of web application directory [C:\Users\Nupur Patel\Downloads\apache-tomcat-9.0.102\apache-tomcat-9.0.102\webapps\host-manager] has finished in [66] ms
20-Mar-2025 14:45:19.085 INFO [main] org.apache.catalina.startup.HostConfig.deployDirectory Deploying web application directory [C:\Users\Nupur Patel\Downloads\apache-tomcat-9.0.102\apache-tomcat-9.0.102\webapps\manager]
20-Mar-2025 14:45:19.123 INFO [main] org.apache.catalina.startup.HostConfig.deployDirectory Deployment of web application directory [C:\Users\Nupur Patel\Downloads\apache-tomcat-9.0.102\apache-tomcat-9.0.102\webapps\manager] has finished in [38] ms
20-Mar-2025 14:45:19.124 INFO [main] org.apache.catalina.startup.HostConfig.deployDirectory Deploying web application directory [C:\Users\Nupur Patel\Downloads\apache-tomcat-9.0.102\apache-tomcat-9.0.102\webapps\mywebapp]
20-Mar-2025 14:45:19.158 INFO [main] org.apache.catalina.startup.HostConfig.deployDirectory Deployment of web application directory [C:\Users\Nupur Patel\Downloads\apache-tomcat-9.0.102\apache-tomcat-9.0.102\webapps\mywebapp] has finished in [34] ms
20-Mar-2025 14:45:19.158 INFO [main] org.apache.catalina.startup.HostConfig.deployDirectory Deploying web application directory [C:\Users\Nupur Patel\Downloads\apache-tomcat-9.0.102\apache-tomcat-9.0.102\webapps\ROOT]
20-Mar-2025 14:45:19.186 INFO [main] org.apache.catalina.startup.HostConfig.deployDirectory Deployment of web application directory [C:\Users\Nupur Patel\Downloads\apache-tomcat-9.0.102\apache-tomcat-9.0.102\webapps\ROOT] has finished in [28] ms
20-Mar-2025 14:45:19.189 INFO [main] org.apache.coyote.AbstractProtocol.start Starting ProtocolHandler ["http-nio-8080"]
20-Mar-2025 14:45:19.204 INFO [main] org.apache.catalina.startup.Catalina.start Server startup in [1119] milliseconds
20-Mar-2025 14:53:20.053 INFO [Catalina-utility-2] org.apache.catalina.startup.HostConfig.reload Reloading context [/mywebapp]
20-Mar-2025 14:53:20.055 INFO [Catalina-utility-2] org.apache.catalina.core.StandardContext.reload Reloading Context with name [/mywebapp] has started
20-Mar-2025 14:53:20.113 INFO [Catalina-utility-2] org.apache.catalina.core.StandardContext.reload Reloading Context with name [/mywebapp] is completed
20-Mar-2025 15:00:20.962 INFO [Catalina-utility-1] org.apache.catalina.startup.HostConfig.reload Reloading context [/mywebapp]
20-Mar-2025 15:00:20.963 INFO [Catalina-utility-1] org.apache.catalina.core.StandardContext.reload Reloading Context with name [/mywebapp] has started
20-Mar-2025 15:00:20.995 INFO [Catalina-utility-1] org.apache.catalina.core.StandardContext.reload Reloading Context with name [/mywebapp] is completed
20-Mar-2025 15:03:21.306 INFO [Catalina-utility-1] org.apache.catalina.startup.HostConfig.reload Reloading context [/mywebapp]
20-Mar-2025 15:03:21.308 INFO [Catalina-utility-1] org.apache.catalina.core.StandardContext.reload Reloading Context with name [/mywebapp] has started
20-Mar-2025 15:03:21.381 INFO [Catalina-utility-1] org.apache.catalina.core.StandardContext.reload Reloading Context with name [/mywebapp] is completed
20-Mar-2025 15:03:24.325 INFO [main] org.apache.catalina.core.StandardServer.await A valid shutdown command was received via the shutdown port. Stopping the Server instance.
20-Mar-2025 15:03:24.326 INFO [main] org.apache.coyote.AbstractProtocol.pause Pausing ProtocolHandler ["http-nio-8080"]
20-Mar-2025 15:03:24.656 INFO [main] org.apache.catalina.core.StandardService.stopInternal Stopping service [Catalina]
20-Mar-2025 15:03:24.669 INFO [main] org.apache.coyote.AbstractProtocol.stop Stopping ProtocolHandler ["http-nio-8080"]
20-Mar-2025 15:03:24.683 INFO [main] org.apache.coyote.AbstractProtocol.destroy Destroying ProtocolHandler ["http-nio-8080"]
20-Mar-2025 15:03:27.133 INFO [main] org.apache.catalina.startup.VersionLoggerListener.log Server version name:   Apache Tomcat/9.0.102
20-Mar-2025 15:03:27.135 INFO [main] org.apache.catalina.startup.VersionLoggerListener.log Server built:          Mar 3 2025 19:33:14 UTC
20-Mar-2025 15:03:27.136 INFO [main] org.apache.catalina.startup.VersionLoggerListener.log Server version number: 9.0.102.0
20-Mar-2025 15:03:27.136 INFO [main] org.apache.catalina.startup.VersionLoggerListener.log OS Name:               Windows 11
20-Mar-2025 15:03:27.136 INFO [main] org.apache.catalina.startup.VersionLoggerListener.log OS Version:            10.0
20-Mar-2025 15:03:27.136 INFO [main] org.apache.catalina.startup.VersionLoggerListener.log Architecture:          x86
20-Mar-2025 15:03:27.136 INFO [main] org.apache.catalina.startup.VersionLoggerListener.log Java Home:             C:\Program Files (x86)\Java\jre-1.8
20-Mar-2025 15:03:27.137 INFO [main] org.apache.catalina.startup.VersionLoggerListener.log JVM Version:           1.8.0_411-b09
20-Mar-2025 15:03:27.137 INFO [main] org.apache.catalina.startup.VersionLoggerListener.log JVM Vendor:            Oracle Corporation
20-Mar-2025 15:03:27.137 INFO [main] org.apache.catalina.startup.VersionLoggerListener.log CATALINA_BASE:         C:\Users\Nupur Patel\Downloads\apache-tomcat-9.0.102\apache-tomcat-9.0.102
20-Mar-2025 15:03:27.137 INFO [main] org.apache.catalina.startup.VersionLoggerListener.log CATALINA_HOME:         C:\Users\Nupur Patel\Downloads\apache-tomcat-9.0.102\apache-tomcat-9.0.102
20-Mar-2025 15:03:27.138 INFO [main] org.apache.catalina.startup.VersionLoggerListener.log Command line argument: -Djava.util.logging.config.file=C:\Users\Nupur Patel\Downloads\apache-tomcat-9.0.102\apache-tomcat-9.0.102\conf\logging.properties
20-Mar-2025 15:03:27.138 INFO [main] org.apache.catalina.startup.VersionLoggerListener.log Command line argument: -Djava.util.logging.manager=org.apache.juli.ClassLoaderLogManager
20-Mar-2025 15:03:27.138 INFO [main] org.apache.catalina.startup.VersionLoggerListener.log Command line argument: -Djdk.tls.ephemeralDHKeySize=2048
20-Mar-2025 15:03:27.138 INFO [main] org.apache.catalina.startup.VersionLoggerListener.log Command line argument: -Djava.protocol.handler.pkgs=org.apache.catalina.webresources
20-Mar-2025 15:03:27.138 INFO [main] org.apache.catalina.startup.VersionLoggerListener.log Command line argument: -Dsun.io.useCanonCaches=false
20-Mar-2025 15:03:27.139 INFO [main] org.apache.catalina.startup.VersionLoggerListener.log Command line argument: -Dignore.endorsed.dirs=
20-Mar-2025 15:03:27.139 INFO [main] org.apache.catalina.startup.VersionLoggerListener.log Command line argument: -Dcatalina.base=C:\Users\Nupur Patel\Downloads\apache-tomcat-9.0.102\apache-tomcat-9.0.102
20-Mar-2025 15:03:27.139 INFO [main] org.apache.catalina.startup.VersionLoggerListener.log Command line argument: -Dcatalina.home=C:\Users\Nupur Patel\Downloads\apache-tomcat-9.0.102\apache-tomcat-9.0.102
20-Mar-2025 15:03:27.139 INFO [main] org.apache.catalina.startup.VersionLoggerListener.log Command line argument: -Djava.io.tmpdir=C:\Users\Nupur Patel\Downloads\apache-tomcat-9.0.102\apache-tomcat-9.0.102\temp
20-Mar-2025 15:03:27.158 INFO [main] org.apache.catalina.core.AprLifecycleListener.lifecycleEvent The Apache Tomcat Native library which allows using OpenSSL was not found on the java.library.path: [C:\Program Files (x86)\Java\jre-1.8\bin;C:\WINDOWS\Sun\Java\bin;C:\WINDOWS\system32;C:\WINDOWS;C:\Program Files (x86)\Common Files\Oracle\Java\java8path;C:\Program Files (x86)\Common Files\Oracle\Java\javapath;C:\WINDOWS\system32;C:\WINDOWS;C:\WINDOWS\System32\Wbem;C:\WINDOWS\System32\WindowsPowerShell\v1.0\;C:\WINDOWS\System32\OpenSSH\;C:\Program Files\nodejs\;C:\Users\Nupur Patel\AppData\Local\Programs\Python\Launcher\;C:\Users\Nupur Patel\AppData\Local\Microsoft\WindowsApps;C:\Users\Nupur Patel\AppData\Local\Programs\Microsoft VS Code\bin;C:\Users\Nupur Patel\AppData\Local\Programs\mongosh\;C:\Users\Nupur Patel\AppData\Roaming\npm;;.]
20-Mar-2025 15:03:27.456 INFO [main] org.apache.coyote.AbstractProtocol.init Initializing ProtocolHandler ["http-nio-8080"]
20-Mar-2025 15:03:27.477 INFO [main] org.apache.catalina.startup.Catalina.load Server initialization in [481] milliseconds
20-Mar-2025 15:03:27.519 INFO [main] org.apache.catalina.core.StandardService.startInternal Starting service [Catalina]
20-Mar-2025 15:03:27.519 INFO [main] org.apache.catalina.core.StandardEngine.startInternal Starting Servlet engine: [Apache Tomcat/9.0.102]
20-Mar-2025 15:03:27.529 INFO [main] org.apache.catalina.startup.HostConfig.deployDirectory Deploying web application directory [C:\Users\Nupur Patel\Downloads\apache-tomcat-9.0.102\apache-tomcat-9.0.102\webapps\docs]
20-Mar-2025 15:03:27.906 WARNING [main] org.apache.catalina.util.SessionIdGeneratorBase.createSecureRandom Creation of SecureRandom instance for session ID generation using [SHA1PRNG] took [168] milliseconds.
20-Mar-2025 15:03:27.937 INFO [main] org.apache.catalina.startup.HostConfig.deployDirectory Deployment of web application directory [C:\Users\Nupur Patel\Downloads\apache-tomcat-9.0.102\apache-tomcat-9.0.102\webapps\docs] has finished in [409] ms
20-Mar-2025 15:03:27.938 INFO [main] org.apache.catalina.startup.HostConfig.deployDirectory Deploying web application directory [C:\Users\Nupur Patel\Downloads\apache-tomcat-9.0.102\apache-tomcat-9.0.102\webapps\examples]
20-Mar-2025 15:03:28.348 INFO [main] org.apache.catalina.startup.HostConfig.deployDirectory Deployment of web application directory [C:\Users\Nupur Patel\Downloads\apache-tomcat-9.0.102\apache-tomcat-9.0.102\webapps\examples] has finished in [410] ms
20-Mar-2025 15:03:28.348 INFO [main] org.apache.catalina.startup.HostConfig.deployDirectory Deploying web application directory [C:\Users\Nupur Patel\Downloads\apache-tomcat-9.0.102\apache-tomcat-9.0.102\webapps\host-manager]
20-Mar-2025 15:03:28.407 INFO [main] org.apache.catalina.startup.HostConfig.deployDirectory Deployment of web application directory [C:\Users\Nupur Patel\Downloads\apache-tomcat-9.0.102\apache-tomcat-9.0.102\webapps\host-manager] has finished in [59] ms
20-Mar-2025 15:03:28.407 INFO [main] org.apache.catalina.startup.HostConfig.deployDirectory Deploying web application directory [C:\Users\Nupur Patel\Downloads\apache-tomcat-9.0.102\apache-tomcat-9.0.102\webapps\manager]
20-Mar-2025 15:03:28.445 INFO [main] org.apache.catalina.startup.HostConfig.deployDirectory Deployment of web application directory [C:\Users\Nupur Patel\Downloads\apache-tomcat-9.0.102\apache-tomcat-9.0.102\webapps\manager] has finished in [38] ms
20-Mar-2025 15:03:28.445 INFO [main] org.apache.catalina.startup.HostConfig.deployDirectory Deploying web application directory [C:\Users\Nupur Patel\Downloads\apache-tomcat-9.0.102\apache-tomcat-9.0.102\webapps\mywebapp]
20-Mar-2025 15:03:28.478 INFO [main] org.apache.catalina.startup.HostConfig.deployDirectory Deployment of web application directory [C:\Users\Nupur Patel\Downloads\apache-tomcat-9.0.102\apache-tomcat-9.0.102\webapps\mywebapp] has finished in [33] ms
20-Mar-2025 15:03:28.479 INFO [main] org.apache.catalina.startup.HostConfig.deployDirectory Deploying web application directory [C:\Users\Nupur Patel\Downloads\apache-tomcat-9.0.102\apache-tomcat-9.0.102\webapps\ROOT]
20-Mar-2025 15:03:28.507 INFO [main] org.apache.catalina.startup.HostConfig.deployDirectory Deployment of web application directory [C:\Users\Nupur Patel\Downloads\apache-tomcat-9.0.102\apache-tomcat-9.0.102\webapps\ROOT] has finished in [28] ms
20-Mar-2025 15:03:28.510 INFO [main] org.apache.coyote.AbstractProtocol.start Starting ProtocolHandler ["http-nio-8080"]
20-Mar-2025 15:03:28.523 INFO [main] org.apache.catalina.startup.Catalina.start Server startup in [1045] milliseconds
20-Mar-2025 15:11:29.428 INFO [Catalina-utility-2] org.apache.catalina.startup.HostConfig.reload Reloading context [/mywebapp]
20-Mar-2025 15:11:29.430 INFO [Catalina-utility-2] org.apache.catalina.core.StandardContext.reload Reloading Context with name [/mywebapp] has started
20-Mar-2025 15:11:29.499 INFO [Catalina-utility-2] org.apache.catalina.core.StandardContext.reload Reloading Context with name [/mywebapp] is completed
20-Mar-2025 15:15:50.638 INFO [main] org.apache.catalina.core.StandardServer.await A valid shutdown command was received via the shutdown port. Stopping the Server instance.
20-Mar-2025 15:15:50.638 INFO [main] org.apache.coyote.AbstractProtocol.pause Pausing ProtocolHandler ["http-nio-8080"]
20-Mar-2025 15:15:50.973 INFO [main] org.apache.catalina.core.StandardService.stopInternal Stopping service [Catalina]
20-Mar-2025 15:15:50.987 INFO [main] org.apache.coyote.AbstractProtocol.stop Stopping ProtocolHandler ["http-nio-8080"]
20-Mar-2025 15:15:50.992 INFO [main] org.apache.coyote.AbstractProtocol.destroy Destroying ProtocolHandler ["http-nio-8080"]
20-Mar-2025 15:15:53.921 INFO [main] org.apache.catalina.startup.VersionLoggerListener.log Server version name:   Apache Tomcat/9.0.102
20-Mar-2025 15:15:53.924 INFO [main] org.apache.catalina.startup.VersionLoggerListener.log Server built:          Mar 3 2025 19:33:14 UTC
20-Mar-2025 15:15:53.924 INFO [main] org.apache.catalina.startup.VersionLoggerListener.log Server version number: 9.0.102.0
20-Mar-2025 15:15:53.924 INFO [main] org.apache.catalina.startup.VersionLoggerListener.log OS Name:               Windows 11
20-Mar-2025 15:15:53.924 INFO [main] org.apache.catalina.startup.VersionLoggerListener.log OS Version:            10.0
20-Mar-2025 15:15:53.925 INFO [main] org.apache.catalina.startup.VersionLoggerListener.log Architecture:          x86
20-Mar-2025 15:15:53.925 INFO [main] org.apache.catalina.startup.VersionLoggerListener.log Java Home:             C:\Program Files (x86)\Java\jre-1.8
20-Mar-2025 15:15:53.925 INFO [main] org.apache.catalina.startup.VersionLoggerListener.log JVM Version:           1.8.0_411-b09
20-Mar-2025 15:15:53.925 INFO [main] org.apache.catalina.startup.VersionLoggerListener.log JVM Vendor:            Oracle Corporation
20-Mar-2025 15:15:53.925 INFO [main] org.apache.catalina.startup.VersionLoggerListener.log CATALINA_BASE:         C:\Users\Nupur Patel\Downloads\apache-tomcat-9.0.102\apache-tomcat-9.0.102
20-Mar-2025 15:15:53.925 INFO [main] org.apache.catalina.startup.VersionLoggerListener.log CATALINA_HOME:         C:\Users\Nupur Patel\Downloads\apache-tomcat-9.0.102\apache-tomcat-9.0.102
20-Mar-2025 15:15:53.926 INFO [main] org.apache.catalina.startup.VersionLoggerListener.log Command line argument: -Djava.util.logging.config.file=C:\Users\Nupur Patel\Downloads\apache-tomcat-9.0.102\apache-tomcat-9.0.102\conf\logging.properties
20-Mar-2025 15:15:53.926 INFO [main] org.apache.catalina.startup.VersionLoggerListener.log Command line argument: -Djava.util.logging.manager=org.apache.juli.ClassLoaderLogManager
20-Mar-2025 15:15:53.926 INFO [main] org.apache.catalina.startup.VersionLoggerListener.log Command line argument: -Djdk.tls.ephemeralDHKeySize=2048
20-Mar-2025 15:15:53.926 INFO [main] org.apache.catalina.startup.VersionLoggerListener.log Command line argument: -Djava.protocol.handler.pkgs=org.apache.catalina.webresources
20-Mar-2025 15:15:53.926 INFO [main] org.apache.catalina.startup.VersionLoggerListener.log Command line argument: -Dsun.io.useCanonCaches=false
20-Mar-2025 15:15:53.927 INFO [main] org.apache.catalina.startup.VersionLoggerListener.log Command line argument: -Dignore.endorsed.dirs=
20-Mar-2025 15:15:53.927 INFO [main] org.apache.catalina.startup.VersionLoggerListener.log Command line argument: -Dcatalina.base=C:\Users\Nupur Patel\Downloads\apache-tomcat-9.0.102\apache-tomcat-9.0.102
20-Mar-2025 15:15:53.927 INFO [main] org.apache.catalina.startup.VersionLoggerListener.log Command line argument: -Dcatalina.home=C:\Users\Nupur Patel\Downloads\apache-tomcat-9.0.102\apache-tomcat-9.0.102
20-Mar-2025 15:15:53.927 INFO [main] org.apache.catalina.startup.VersionLoggerListener.log Command line argument: -Djava.io.tmpdir=C:\Users\Nupur Patel\Downloads\apache-tomcat-9.0.102\apache-tomcat-9.0.102\temp
20-Mar-2025 15:15:53.933 INFO [main] org.apache.catalina.core.AprLifecycleListener.lifecycleEvent The Apache Tomcat Native library which allows using OpenSSL was not found on the java.library.path: [C:\Program Files (x86)\Java\jre-1.8\bin;C:\WINDOWS\Sun\Java\bin;C:\WINDOWS\system32;C:\WINDOWS;C:\Program Files (x86)\Common Files\Oracle\Java\java8path;C:\Program Files (x86)\Common Files\Oracle\Java\javapath;C:\WINDOWS\system32;C:\WINDOWS;C:\WINDOWS\System32\Wbem;C:\WINDOWS\System32\WindowsPowerShell\v1.0\;C:\WINDOWS\System32\OpenSSH\;C:\Program Files\nodejs\;C:\Users\Nupur Patel\AppData\Local\Programs\Python\Launcher\;C:\Users\Nupur Patel\AppData\Local\Microsoft\WindowsApps;C:\Users\Nupur Patel\AppData\Local\Programs\Microsoft VS Code\bin;C:\Users\Nupur Patel\AppData\Local\Programs\mongosh\;C:\Users\Nupur Patel\AppData\Roaming\npm;;.]
20-Mar-2025 15:15:54.194 INFO [main] org.apache.coyote.AbstractProtocol.init Initializing ProtocolHandler ["http-nio-8080"]
20-Mar-2025 15:15:54.210 INFO [main] org.apache.catalina.startup.Catalina.load Server initialization in [433] milliseconds
20-Mar-2025 15:15:54.239 INFO [main] org.apache.catalina.core.StandardService.startInternal Starting service [Catalina]
20-Mar-2025 15:15:54.239 INFO [main] org.apache.catalina.core.StandardEngine.startInternal Starting Servlet engine: [Apache Tomcat/9.0.102]
20-Mar-2025 15:15:54.247 INFO [main] org.apache.catalina.startup.HostConfig.deployDirectory Deploying web application directory [C:\Users\Nupur Patel\Downloads\apache-tomcat-9.0.102\apache-tomcat-9.0.102\webapps\docs]
20-Mar-2025 15:15:54.592 WARNING [main] org.apache.catalina.util.SessionIdGeneratorBase.createSecureRandom Creation of SecureRandom instance for session ID generation using [SHA1PRNG] took [163] milliseconds.
20-Mar-2025 15:15:54.626 INFO [main] org.apache.catalina.startup.HostConfig.deployDirectory Deployment of web application directory [C:\Users\Nupur Patel\Downloads\apache-tomcat-9.0.102\apache-tomcat-9.0.102\webapps\docs] has finished in [379] ms
20-Mar-2025 15:15:54.626 INFO [main] org.apache.catalina.startup.HostConfig.deployDirectory Deploying web application directory [C:\Users\Nupur Patel\Downloads\apache-tomcat-9.0.102\apache-tomcat-9.0.102\webapps\examples]
20-Mar-2025 15:15:54.978 INFO [main] org.apache.catalina.startup.HostConfig.deployDirectory Deployment of web application directory [C:\Users\Nupur Patel\Downloads\apache-tomcat-9.0.102\apache-tomcat-9.0.102\webapps\examples] has finished in [352] ms
20-Mar-2025 15:15:54.978 INFO [main] org.apache.catalina.startup.HostConfig.deployDirectory Deploying web application directory [C:\Users\Nupur Patel\Downloads\apache-tomcat-9.0.102\apache-tomcat-9.0.102\webapps\host-manager]
20-Mar-2025 15:15:55.034 INFO [main] org.apache.catalina.startup.HostConfig.deployDirectory Deployment of web application directory [C:\Users\Nupur Patel\Downloads\apache-tomcat-9.0.102\apache-tomcat-9.0.102\webapps\host-manager] has finished in [56] ms
20-Mar-2025 15:15:55.035 INFO [main] org.apache.catalina.startup.HostConfig.deployDirectory Deploying web application directory [C:\Users\Nupur Patel\Downloads\apache-tomcat-9.0.102\apache-tomcat-9.0.102\webapps\manager]
20-Mar-2025 15:15:55.070 INFO [main] org.apache.catalina.startup.HostConfig.deployDirectory Deployment of web application directory [C:\Users\Nupur Patel\Downloads\apache-tomcat-9.0.102\apache-tomcat-9.0.102\webapps\manager] has finished in [35] ms
20-Mar-2025 15:15:55.070 INFO [main] org.apache.catalina.startup.HostConfig.deployDirectory Deploying web application directory [C:\Users\Nupur Patel\Downloads\apache-tomcat-9.0.102\apache-tomcat-9.0.102\webapps\mywebapp]
20-Mar-2025 15:15:55.099 INFO [main] org.apache.catalina.startup.HostConfig.deployDirectory Deployment of web application directory [C:\Users\Nupur Patel\Downloads\apache-tomcat-9.0.102\apache-tomcat-9.0.102\webapps\mywebapp] has finished in [29] ms
20-Mar-2025 15:15:55.100 INFO [main] org.apache.catalina.startup.HostConfig.deployDirectory Deploying web application directory [C:\Users\Nupur Patel\Downloads\apache-tomcat-9.0.102\apache-tomcat-9.0.102\webapps\ROOT]
20-Mar-2025 15:15:55.127 INFO [main] org.apache.catalina.startup.HostConfig.deployDirectory Deployment of web application directory [C:\Users\Nupur Patel\Downloads\apache-tomcat-9.0.102\apache-tomcat-9.0.102\webapps\ROOT] has finished in [26] ms
20-Mar-2025 15:15:55.130 INFO [main] org.apache.coyote.AbstractProtocol.start Starting ProtocolHandler ["http-nio-8080"]
20-Mar-2025 15:15:55.142 INFO [main] org.apache.catalina.startup.Catalina.start Server startup in [932] milliseconds
20-Mar-2025 15:23:11.942 INFO [main] org.apache.catalina.core.StandardServer.await A valid shutdown command was received via the shutdown port. Stopping the Server instance.
20-Mar-2025 15:23:11.943 INFO [main] org.apache.coyote.AbstractProtocol.pause Pausing ProtocolHandler ["http-nio-8080"]
20-Mar-2025 15:23:12.229 INFO [main] org.apache.catalina.core.StandardService.stopInternal Stopping service [Catalina]
20-Mar-2025 15:23:12.247 INFO [main] org.apache.coyote.AbstractProtocol.stop Stopping ProtocolHandler ["http-nio-8080"]
20-Mar-2025 15:23:12.256 INFO [main] org.apache.coyote.AbstractProtocol.destroy Destroying ProtocolHandler ["http-nio-8080"]
20-Mar-2025 15:23:14.680 INFO [main] org.apache.catalina.startup.VersionLoggerListener.log Server version name:   Apache Tomcat/9.0.102
20-Mar-2025 15:23:14.683 INFO [main] org.apache.catalina.startup.VersionLoggerListener.log Server built:          Mar 3 2025 19:33:14 UTC
20-Mar-2025 15:23:14.683 INFO [main] org.apache.catalina.startup.VersionLoggerListener.log Server version number: 9.0.102.0
20-Mar-2025 15:23:14.683 INFO [main] org.apache.catalina.startup.VersionLoggerListener.log OS Name:               Windows 11
20-Mar-2025 15:23:14.683 INFO [main] org.apache.catalina.startup.VersionLoggerListener.log OS Version:            10.0
20-Mar-2025 15:23:14.683 INFO [main] org.apache.catalina.startup.VersionLoggerListener.log Architecture:          x86
20-Mar-2025 15:23:14.683 INFO [main] org.apache.catalina.startup.VersionLoggerListener.log Java Home:             C:\Program Files (x86)\Java\jre-1.8
20-Mar-2025 15:23:14.684 INFO [main] org.apache.catalina.startup.VersionLoggerListener.log JVM Version:           1.8.0_411-b09
20-Mar-2025 15:23:14.684 INFO [main] org.apache.catalina.startup.VersionLoggerListener.log JVM Vendor:            Oracle Corporation
20-Mar-2025 15:23:14.684 INFO [main] org.apache.catalina.startup.VersionLoggerListener.log CATALINA_BASE:         C:\Users\Nupur Patel\Downloads\apache-tomcat-9.0.102\apache-tomcat-9.0.102
20-Mar-2025 15:23:14.684 INFO [main] org.apache.catalina.startup.VersionLoggerListener.log CATALINA_HOME:         C:\Users\Nupur Patel\Downloads\apache-tomcat-9.0.102\apache-tomcat-9.0.102
20-Mar-2025 15:23:14.685 INFO [main] org.apache.catalina.startup.VersionLoggerListener.log Command line argument: -Djava.util.logging.config.file=C:\Users\Nupur Patel\Downloads\apache-tomcat-9.0.102\apache-tomcat-9.0.102\conf\logging.properties
20-Mar-2025 15:23:14.685 INFO [main] org.apache.catalina.startup.VersionLoggerListener.log Command line argument: -Djava.util.logging.manager=org.apache.juli.ClassLoaderLogManager
20-Mar-2025 15:23:14.685 INFO [main] org.apache.catalina.startup.VersionLoggerListener.log Command line argument: -Djdk.tls.ephemeralDHKeySize=2048
20-Mar-2025 15:23:14.685 INFO [main] org.apache.catalina.startup.VersionLoggerListener.log Command line argument: -Djava.protocol.handler.pkgs=org.apache.catalina.webresources
20-Mar-2025 15:23:14.685 INFO [main] org.apache.catalina.startup.VersionLoggerListener.log Command line argument: -Dsun.io.useCanonCaches=false
20-Mar-2025 15:23:14.686 INFO [main] org.apache.catalina.startup.VersionLoggerListener.log Command line argument: -Dignore.endorsed.dirs=
20-Mar-2025 15:23:14.686 INFO [main] org.apache.catalina.startup.VersionLoggerListener.log Command line argument: -Dcatalina.base=C:\Users\Nupur Patel\Downloads\apache-tomcat-9.0.102\apache-tomcat-9.0.102
20-Mar-2025 15:23:14.686 INFO [main] org.apache.catalina.startup.VersionLoggerListener.log Command line argument: -Dcatalina.home=C:\Users\Nupur Patel\Downloads\apache-tomcat-9.0.102\apache-tomcat-9.0.102
20-Mar-2025 15:23:14.686 INFO [main] org.apache.catalina.startup.VersionLoggerListener.log Command line argument: -Djava.io.tmpdir=C:\Users\Nupur Patel\Downloads\apache-tomcat-9.0.102\apache-tomcat-9.0.102\temp
20-Mar-2025 15:23:14.692 INFO [main] org.apache.catalina.core.AprLifecycleListener.lifecycleEvent The Apache Tomcat Native library which allows using OpenSSL was not found on the java.library.path: [C:\Program Files (x86)\Java\jre-1.8\bin;C:\WINDOWS\Sun\Java\bin;C:\WINDOWS\system32;C:\WINDOWS;C:\Program Files (x86)\Common Files\Oracle\Java\java8path;C:\Program Files (x86)\Common Files\Oracle\Java\javapath;C:\WINDOWS\system32;C:\WINDOWS;C:\WINDOWS\System32\Wbem;C:\WINDOWS\System32\WindowsPowerShell\v1.0\;C:\WINDOWS\System32\OpenSSH\;C:\Program Files\nodejs\;C:\Users\Nupur Patel\AppData\Local\Programs\Python\Launcher\;C:\Users\Nupur Patel\AppData\Local\Microsoft\WindowsApps;C:\Users\Nupur Patel\AppData\Local\Programs\Microsoft VS Code\bin;C:\Users\Nupur Patel\AppData\Local\Programs\mongosh\;C:\Users\Nupur Patel\AppData\Roaming\npm;;.]
20-Mar-2025 15:23:14.943 INFO [main] org.apache.coyote.AbstractProtocol.init Initializing ProtocolHandler ["http-nio-8080"]
20-Mar-2025 15:23:14.958 INFO [main] org.apache.catalina.startup.Catalina.load Server initialization in [416] milliseconds
20-Mar-2025 15:23:14.987 INFO [main] org.apache.catalina.core.StandardService.startInternal Starting service [Catalina]
20-Mar-2025 15:23:14.987 INFO [main] org.apache.catalina.core.StandardEngine.startInternal Starting Servlet engine: [Apache Tomcat/9.0.102]
20-Mar-2025 15:23:14.996 INFO [main] org.apache.catalina.startup.HostConfig.deployDirectory Deploying web application directory [C:\Users\Nupur Patel\Downloads\apache-tomcat-9.0.102\apache-tomcat-9.0.102\webapps\docs]
20-Mar-2025 15:23:15.341 WARNING [main] org.apache.catalina.util.SessionIdGeneratorBase.createSecureRandom Creation of SecureRandom instance for session ID generation using [SHA1PRNG] took [160] milliseconds.
20-Mar-2025 15:23:15.376 INFO [main] org.apache.catalina.startup.HostConfig.deployDirectory Deployment of web application directory [C:\Users\Nupur Patel\Downloads\apache-tomcat-9.0.102\apache-tomcat-9.0.102\webapps\docs] has finished in [380] ms
20-Mar-2025 15:23:15.376 INFO [main] org.apache.catalina.startup.HostConfig.deployDirectory Deploying web application directory [C:\Users\Nupur Patel\Downloads\apache-tomcat-9.0.102\apache-tomcat-9.0.102\webapps\examples]
20-Mar-2025 15:23:15.726 INFO [main] org.apache.catalina.startup.HostConfig.deployDirectory Deployment of web application directory [C:\Users\Nupur Patel\Downloads\apache-tomcat-9.0.102\apache-tomcat-9.0.102\webapps\examples] has finished in [350] ms
20-Mar-2025 15:23:15.726 INFO [main] org.apache.catalina.startup.HostConfig.deployDirectory Deploying web application directory [C:\Users\Nupur Patel\Downloads\apache-tomcat-9.0.102\apache-tomcat-9.0.102\webapps\host-manager]
20-Mar-2025 15:23:15.782 INFO [main] org.apache.catalina.startup.HostConfig.deployDirectory Deployment of web application directory [C:\Users\Nupur Patel\Downloads\apache-tomcat-9.0.102\apache-tomcat-9.0.102\webapps\host-manager] has finished in [56] ms
20-Mar-2025 15:23:15.782 INFO [main] org.apache.catalina.startup.HostConfig.deployDirectory Deploying web application directory [C:\Users\Nupur Patel\Downloads\apache-tomcat-9.0.102\apache-tomcat-9.0.102\webapps\manager]
20-Mar-2025 15:23:15.817 INFO [main] org.apache.catalina.startup.HostConfig.deployDirectory Deployment of web application directory [C:\Users\Nupur Patel\Downloads\apache-tomcat-9.0.102\apache-tomcat-9.0.102\webapps\manager] has finished in [34] ms
20-Mar-2025 15:23:15.817 INFO [main] org.apache.catalina.startup.HostConfig.deployDirectory Deploying web application directory [C:\Users\Nupur Patel\Downloads\apache-tomcat-9.0.102\apache-tomcat-9.0.102\webapps\mywebapp]
20-Mar-2025 15:23:15.845 INFO [main] org.apache.catalina.startup.HostConfig.deployDirectory Deployment of web application directory [C:\Users\Nupur Patel\Downloads\apache-tomcat-9.0.102\apache-tomcat-9.0.102\webapps\mywebapp] has finished in [28] ms
20-Mar-2025 15:23:15.845 INFO [main] org.apache.catalina.startup.HostConfig.deployDirectory Deploying web application directory [C:\Users\Nupur Patel\Downloads\apache-tomcat-9.0.102\apache-tomcat-9.0.102\webapps\ROOT]
20-Mar-2025 15:23:15.871 INFO [main] org.apache.catalina.startup.HostConfig.deployDirectory Deployment of web application directory [C:\Users\Nupur Patel\Downloads\apache-tomcat-9.0.102\apache-tomcat-9.0.102\webapps\ROOT] has finished in [26] ms
20-Mar-2025 15:23:15.874 INFO [main] org.apache.coyote.AbstractProtocol.start Starting ProtocolHandler ["http-nio-8080"]
20-Mar-2025 15:23:15.888 INFO [main] org.apache.catalina.startup.Catalina.start Server startup in [930] milliseconds
20-Mar-2025 15:26:49.737 INFO [main] org.apache.catalina.core.StandardServer.await A valid shutdown command was received via the shutdown port. Stopping the Server instance.
20-Mar-2025 15:26:49.737 INFO [main] org.apache.coyote.AbstractProtocol.pause Pausing ProtocolHandler ["http-nio-8080"]
20-Mar-2025 15:26:50.069 INFO [main] org.apache.catalina.core.StandardService.stopInternal Stopping service [Catalina]
20-Mar-2025 15:26:50.087 INFO [main] org.apache.coyote.AbstractProtocol.stop Stopping ProtocolHandler ["http-nio-8080"]
20-Mar-2025 15:26:50.099 INFO [main] org.apache.coyote.AbstractProtocol.destroy Destroying ProtocolHandler ["http-nio-8080"]
20-Mar-2025 15:26:52.457 INFO [main] org.apache.catalina.startup.VersionLoggerListener.log Server version name:   Apache Tomcat/9.0.102
20-Mar-2025 15:26:52.459 INFO [main] org.apache.catalina.startup.VersionLoggerListener.log Server built:          Mar 3 2025 19:33:14 UTC
20-Mar-2025 15:26:52.459 INFO [main] org.apache.catalina.startup.VersionLoggerListener.log Server version number: 9.0.102.0
20-Mar-2025 15:26:52.460 INFO [main] org.apache.catalina.startup.VersionLoggerListener.log OS Name:               Windows 11
20-Mar-2025 15:26:52.460 INFO [main] org.apache.catalina.startup.VersionLoggerListener.log OS Version:            10.0
20-Mar-2025 15:26:52.460 INFO [main] org.apache.catalina.startup.VersionLoggerListener.log Architecture:          x86
20-Mar-2025 15:26:52.460 INFO [main] org.apache.catalina.startup.VersionLoggerListener.log Java Home:             C:\Program Files (x86)\Java\jre-1.8
20-Mar-2025 15:26:52.460 INFO [main] org.apache.catalina.startup.VersionLoggerListener.log JVM Version:           1.8.0_411-b09
20-Mar-2025 15:26:52.460 INFO [main] org.apache.catalina.startup.VersionLoggerListener.log JVM Vendor:            Oracle Corporation
20-Mar-2025 15:26:52.461 INFO [main] org.apache.catalina.startup.VersionLoggerListener.log CATALINA_BASE:         C:\Users\Nupur Patel\Downloads\apache-tomcat-9.0.102\apache-tomcat-9.0.102
20-Mar-2025 15:26:52.461 INFO [main] org.apache.catalina.startup.VersionLoggerListener.log CATALINA_HOME:         C:\Users\Nupur Patel\Downloads\apache-tomcat-9.0.102\apache-tomcat-9.0.102
20-Mar-2025 15:26:52.461 INFO [main] org.apache.catalina.startup.VersionLoggerListener.log Command line argument: -Djava.util.logging.config.file=C:\Users\Nupur Patel\Downloads\apache-tomcat-9.0.102\apache-tomcat-9.0.102\conf\logging.properties
20-Mar-2025 15:26:52.461 INFO [main] org.apache.catalina.startup.VersionLoggerListener.log Command line argument: -Djava.util.logging.manager=org.apache.juli.ClassLoaderLogManager
20-Mar-2025 15:26:52.462 INFO [main] org.apache.catalina.startup.VersionLoggerListener.log Command line argument: -Djdk.tls.ephemeralDHKeySize=2048
20-Mar-2025 15:26:52.462 INFO [main] org.apache.catalina.startup.VersionLoggerListener.log Command line argument: -Djava.protocol.handler.pkgs=org.apache.catalina.webresources
20-Mar-2025 15:26:52.462 INFO [main] org.apache.catalina.startup.VersionLoggerListener.log Command line argument: -Dsun.io.useCanonCaches=false
20-Mar-2025 15:26:52.462 INFO [main] org.apache.catalina.startup.VersionLoggerListener.log Command line argument: -Dignore.endorsed.dirs=
20-Mar-2025 15:26:52.462 INFO [main] org.apache.catalina.startup.VersionLoggerListener.log Command line argument: -Dcatalina.base=C:\Users\Nupur Patel\Downloads\apache-tomcat-9.0.102\apache-tomcat-9.0.102
20-Mar-2025 15:26:52.463 INFO [main] org.apache.catalina.startup.VersionLoggerListener.log Command line argument: -Dcatalina.home=C:\Users\Nupur Patel\Downloads\apache-tomcat-9.0.102\apache-tomcat-9.0.102
20-Mar-2025 15:26:52.463 INFO [main] org.apache.catalina.startup.VersionLoggerListener.log Command line argument: -Djava.io.tmpdir=C:\Users\Nupur Patel\Downloads\apache-tomcat-9.0.102\apache-tomcat-9.0.102\temp
20-Mar-2025 15:26:52.468 INFO [main] org.apache.catalina.core.AprLifecycleListener.lifecycleEvent The Apache Tomcat Native library which allows using OpenSSL was not found on the java.library.path: [C:\Program Files (x86)\Java\jre-1.8\bin;C:\WINDOWS\Sun\Java\bin;C:\WINDOWS\system32;C:\WINDOWS;C:\Program Files (x86)\Common Files\Oracle\Java\java8path;C:\Program Files (x86)\Common Files\Oracle\Java\javapath;C:\WINDOWS\system32;C:\WINDOWS;C:\WINDOWS\System32\Wbem;C:\WINDOWS\System32\WindowsPowerShell\v1.0\;C:\WINDOWS\System32\OpenSSH\;C:\Program Files\nodejs\;C:\Users\Nupur Patel\AppData\Local\Programs\Python\Launcher\;C:\Users\Nupur Patel\AppData\Local\Microsoft\WindowsApps;C:\Users\Nupur Patel\AppData\Local\Programs\Microsoft VS Code\bin;C:\Users\Nupur Patel\AppData\Local\Programs\mongosh\;C:\Users\Nupur Patel\AppData\Roaming\npm;;.]
20-Mar-2025 15:26:52.722 INFO [main] org.apache.coyote.AbstractProtocol.init Initializing ProtocolHandler ["http-nio-8080"]
20-Mar-2025 15:26:52.738 INFO [main] org.apache.catalina.startup.Catalina.load Server initialization in [422] milliseconds
20-Mar-2025 15:26:52.766 INFO [main] org.apache.catalina.core.StandardService.startInternal Starting service [Catalina]
20-Mar-2025 15:26:52.766 INFO [main] org.apache.catalina.core.StandardEngine.startInternal Starting Servlet engine: [Apache Tomcat/9.0.102]
20-Mar-2025 15:26:52.774 INFO [main] org.apache.catalina.startup.HostConfig.deployDirectory Deploying web application directory [C:\Users\Nupur Patel\Downloads\apache-tomcat-9.0.102\apache-tomcat-9.0.102\webapps\docs]
20-Mar-2025 15:26:53.130 WARNING [main] org.apache.catalina.util.SessionIdGeneratorBase.createSecureRandom Creation of SecureRandom instance for session ID generation using [SHA1PRNG] took [161] milliseconds.
20-Mar-2025 15:26:53.163 INFO [main] org.apache.catalina.startup.HostConfig.deployDirectory Deployment of web application directory [C:\Users\Nupur Patel\Downloads\apache-tomcat-9.0.102\apache-tomcat-9.0.102\webapps\docs] has finished in [389] ms
20-Mar-2025 15:26:53.163 INFO [main] org.apache.catalina.startup.HostConfig.deployDirectory Deploying web application directory [C:\Users\Nupur Patel\Downloads\apache-tomcat-9.0.102\apache-tomcat-9.0.102\webapps\examples]
20-Mar-2025 15:26:53.511 INFO [main] org.apache.catalina.startup.HostConfig.deployDirectory Deployment of web application directory [C:\Users\Nupur Patel\Downloads\apache-tomcat-9.0.102\apache-tomcat-9.0.102\webapps\examples] has finished in [347] ms
20-Mar-2025 15:26:53.511 INFO [main] org.apache.catalina.startup.HostConfig.deployDirectory Deploying web application directory [C:\Users\Nupur Patel\Downloads\apache-tomcat-9.0.102\apache-tomcat-9.0.102\webapps\host-manager]
20-Mar-2025 15:26:53.567 INFO [main] org.apache.catalina.startup.HostConfig.deployDirectory Deployment of web application directory [C:\Users\Nupur Patel\Downloads\apache-tomcat-9.0.102\apache-tomcat-9.0.102\webapps\host-manager] has finished in [56] ms
20-Mar-2025 15:26:53.568 INFO [main] org.apache.catalina.startup.HostConfig.deployDirectory Deploying web application directory [C:\Users\Nupur Patel\Downloads\apache-tomcat-9.0.102\apache-tomcat-9.0.102\webapps\manager]
20-Mar-2025 15:26:53.603 INFO [main] org.apache.catalina.startup.HostConfig.deployDirectory Deployment of web application directory [C:\Users\Nupur Patel\Downloads\apache-tomcat-9.0.102\apache-tomcat-9.0.102\webapps\manager] has finished in [35] ms
20-Mar-2025 15:26:53.604 INFO [main] org.apache.catalina.startup.HostConfig.deployDirectory Deploying web application directory [C:\Users\Nupur Patel\Downloads\apache-tomcat-9.0.102\apache-tomcat-9.0.102\webapps\mywebapp]
20-Mar-2025 15:26:53.630 INFO [main] org.apache.catalina.startup.HostConfig.deployDirectory Deployment of web application directory [C:\Users\Nupur Patel\Downloads\apache-tomcat-9.0.102\apache-tomcat-9.0.102\webapps\mywebapp] has finished in [26] ms
20-Mar-2025 15:26:53.631 INFO [main] org.apache.catalina.startup.HostConfig.deployDirectory Deploying web application directory [C:\Users\Nupur Patel\Downloads\apache-tomcat-9.0.102\apache-tomcat-9.0.102\webapps\ROOT]
20-Mar-2025 15:26:53.654 INFO [main] org.apache.catalina.startup.HostConfig.deployDirectory Deployment of web application directory [C:\Users\Nupur Patel\Downloads\apache-tomcat-9.0.102\apache-tomcat-9.0.102\webapps\ROOT] has finished in [24] ms
20-Mar-2025 15:26:53.658 INFO [main] org.apache.coyote.AbstractProtocol.start Starting ProtocolHandler ["http-nio-8080"]
20-Mar-2025 15:26:53.671 INFO [main] org.apache.catalina.startup.Catalina.start Server startup in [932] milliseconds
