20-Mar-2025 14:30:48.941 INFO [main] org.apache.catalina.core.ApplicationContext.log ContextListener: contextInitialized()
20-Mar-2025 14:30:48.941 INFO [main] org.apache.catalina.core.ApplicationContext.log SessionListener: contextInitialized()
20-Mar-2025 14:30:48.943 INFO [main] org.apache.catalina.core.ApplicationContext.log ContextListener: attributeAdded('StockTicker', 'async.Stockticker@16d585c')
20-Mar-2025 14:45:12.340 INFO [main] org.apache.catalina.core.ApplicationContext.log SessionListener: contextDestroyed()
20-Mar-2025 14:45:12.340 INFO [main] org.apache.catalina.core.ApplicationContext.log ContextListener: contextDestroyed()
20-Mar-2025 14:45:19.006 INFO [main] org.apache.catalina.core.ApplicationContext.log ContextListener: contextInitialized()
20-Mar-2025 14:45:19.006 INFO [main] org.apache.catalina.core.ApplicationContext.log SessionListener: contextInitialized()
20-Mar-2025 14:45:19.009 INFO [main] org.apache.catalina.core.ApplicationContext.log ContextListener: attributeAdded('StockTicker', 'async.Stockticker@16d585c')
20-Mar-2025 15:03:24.660 INFO [main] org.apache.catalina.core.ApplicationContext.log SessionListener: contextDestroyed()
20-Mar-2025 15:03:24.660 INFO [main] org.apache.catalina.core.ApplicationContext.log ContextListener: contextDestroyed()
20-Mar-2025 15:03:28.338 INFO [main] org.apache.catalina.core.ApplicationContext.log ContextListener: contextInitialized()
20-Mar-2025 15:03:28.338 INFO [main] org.apache.catalina.core.ApplicationContext.log SessionListener: contextInitialized()
20-Mar-2025 15:03:28.340 INFO [main] org.apache.catalina.core.ApplicationContext.log ContextListener: attributeAdded('StockTicker', 'async.Stockticker@16d585c')
20-Mar-2025 15:15:50.978 INFO [main] org.apache.catalina.core.ApplicationContext.log SessionListener: contextDestroyed()
20-Mar-2025 15:15:50.978 INFO [main] org.apache.catalina.core.ApplicationContext.log ContextListener: contextDestroyed()
20-Mar-2025 15:15:54.967 INFO [main] org.apache.catalina.core.ApplicationContext.log ContextListener: contextInitialized()
20-Mar-2025 15:15:54.967 INFO [main] org.apache.catalina.core.ApplicationContext.log SessionListener: contextInitialized()
20-Mar-2025 15:15:54.969 INFO [main] org.apache.catalina.core.ApplicationContext.log ContextListener: attributeAdded('StockTicker', 'async.Stockticker@16d585c')
20-Mar-2025 15:23:12.236 INFO [main] org.apache.catalina.core.ApplicationContext.log SessionListener: contextDestroyed()
20-Mar-2025 15:23:12.236 INFO [main] org.apache.catalina.core.ApplicationContext.log ContextListener: contextDestroyed()
20-Mar-2025 15:23:15.716 INFO [main] org.apache.catalina.core.ApplicationContext.log ContextListener: contextInitialized()
20-Mar-2025 15:23:15.716 INFO [main] org.apache.catalina.core.ApplicationContext.log SessionListener: contextInitialized()
20-Mar-2025 15:23:15.718 INFO [main] org.apache.catalina.core.ApplicationContext.log ContextListener: attributeAdded('StockTicker', 'async.Stockticker@16d585c')
20-Mar-2025 15:26:50.077 INFO [main] org.apache.catalina.core.ApplicationContext.log SessionListener: contextDestroyed()
20-Mar-2025 15:26:50.077 INFO [main] org.apache.catalina.core.ApplicationContext.log ContextListener: contextDestroyed()
20-Mar-2025 15:26:53.501 INFO [main] org.apache.catalina.core.ApplicationContext.log ContextListener: contextInitialized()
20-Mar-2025 15:26:53.501 INFO [main] org.apache.catalina.core.ApplicationContext.log SessionListener: contextInitialized()
20-Mar-2025 15:26:53.502 INFO [main] org.apache.catalina.core.ApplicationContext.log ContextListener: attributeAdded('StockTicker', 'async.Stockticker@16d585c')
